
ROM used:   683/8192 (8%)
            683/8192 (8%) including unused fragments

            0.6 Average locations per line
            5.9 Average locations per statement

RAM used:   10/368 (3%) at main() level
            30/368 (8%) worst case

Stack used: 0 worst case (0 in main + 0 for interrupts)
Stack size: 8

Lines Stmts  %   Files
----- ----- ---  -----
   32    16  14  adcmodul.c
   10     0   0  adcmodul.h
  661     0   0  C:\Program Files (x86)\PICC\Devices\16F877A.h
  456   100  86  C:\Program Files (x86)\PICC\Drivers\lcd.c
----- -----
 1159   116 Total

Page ROM  %  RAM   Vol Diff  Functions:
---- --- --- ---   --- ----  ----------
0     20   3    1             @delay_ms1
0      8   1    0             @const626
 Inline         3   760  4.5  lcd_read_byte
0     49   7    2   262  3.7  lcd_read_nibble
0     48   7    1   399  2.4  lcd_send_nibble
0    102  15    3   415  3.7  lcd_send_byte
0     67  10    2   704  5.0  lcd_init
0     18   3    4   208  6.3  lcd_gotoxy
0     44   6    1   354  4.7  lcd_putc
0    121  18    4   402  2.8  MAIN
0     17   2    0             @const663
0     86  13    5             @PSTRINGCN7_646
0     99  14    9             @PRINTF_LU_646
 Inline         0             @cinit1

Program metrics:
    Functions               8
    Statements              116
    Comments                217
    Volume (V)              5344
    Difficulty (D)          31.8
    Effort to implement (E) 169765
    Time to implement (T)   2 hours, 37 minutes
    Est Delivered Bugs (B)  1
    Cyclomatic Complexity   8
    Maintainability (MI)    142

 Segment     Used  Free
-----------  ----  ----
00000-00003     4  0  
00004-007FF   679  1365  
00800-00FFF     0  2048  
01000-017FF     0  2048  
01800-01FFF     0  2048  



