
ROM used:   854/8192 (10%)
            854/8192 (10%) including unused fragments

            0.7 Average locations per line
            6.3 Average locations per statement

RAM used:   12/368 (3%) at main() level
            30/368 (8%) worst case

Stack used: 0 worst case (0 in main + 0 for interrupts)
Stack size: 8

Lines Stmts  %   Files
----- ----- ---  -----
   58    35  26  pwmmotor.c
   10     0   0  pwmmotor.h
  661     0   0  C:\Program Files (x86)\PICC\Devices\16F877A.h
  456   100  74  C:\Program Files (x86)\PICC\Drivers\lcd.c
----- -----
 1185   135 Total

Page ROM  %  RAM   Vol Diff  Functions:
---- --- --- ---   --- ----  ----------
0     20   2    1             @delay_ms1
0      8   1    0             @const626
 Inline         3   760  4.5  lcd_read_byte
0     49   6    2   262  3.7  lcd_read_nibble
0     48   6    1   399  2.4  lcd_send_nibble
0    102  12    3   415  3.7  lcd_send_byte
0     67   8    2   704  5.0  lcd_init
0     18   2    4   208  6.3  lcd_gotoxy
0     44   5    1   354  4.7  lcd_putc
0    287  34    6  1092  6.3  MAIN
0      8   1    0             @const663
0     84  10    5             @PSTRINGCN7_646
0     99  12    9             @PRINTF_LU_646
0      8   1    0             @const668
0      8   1    0             @const669
 Inline         0             @cinit1

Program metrics:
    Functions               8
    Statements              135
    Comments                220
    Volume (V)              6274
    Difficulty (D)          35.1
    Effort to implement (E) 220136
    Time to implement (T)   3 hours, 24 minutes
    Est Delivered Bugs (B)  1
    Cyclomatic Complexity   11
    Maintainability (MI)    138

 Segment     Used  Free
-----------  ----  ----
00000-00003     4  0  
00004-007FF   850  1194  
00800-00FFF     0  2048  
01000-017FF     0  2048  
01800-01FFF     0  2048  



